<?xml version="1.0" encoding="UTF-8"?>
<testng-results ignored="0" total="1" passed="1" failed="0" skipped="0">
  <reporter-output>
  </reporter-output>
  <suite started-at="2023-12-07T18:20:26 IST" name="InetBankingV1" finished-at="2023-12-07T18:21:12 IST" duration-ms="46414">
    <groups>
    </groups>
    <test started-at="2023-12-07T18:20:26 IST" name="BankingApp Test" finished-at="2023-12-07T18:21:12 IST" duration-ms="46414">
      <class name="com.inetbanking.testCases.TC_LoginTest_001">
        <test-method is-config="true" signature="setup(java.lang.String)[pri:0, instance:com.inetbanking.testCases.TC_LoginTest_001@1d2bd371]" started-at="2023-12-07T18:20:26 IST" name="setup" finished-at="2023-12-07T18:21:10 IST" duration-ms="43988" status="PASS">
          <params>
            <param index="0">
              <value>
                <![CDATA[chrome]]>
              </value>
            </param>
          </params>
          <reporter-output>
          </reporter-output>
        </test-method> <!-- setup -->
        <test-method signature="loginTest()[pri:0, instance:com.inetbanking.testCases.TC_LoginTest_001@1d2bd371]" started-at="2023-12-07T18:21:10 IST" name="loginTest" finished-at="2023-12-07T18:21:12 IST" duration-ms="1927" status="PASS">
          <reporter-output>
          </reporter-output>
        </test-method> <!-- loginTest -->
        <test-method is-config="true" signature="tearDown()[pri:0, instance:com.inetbanking.testCases.TC_LoginTest_001@1d2bd371]" started-at="2023-12-07T18:21:12 IST" name="tearDown" finished-at="2023-12-07T18:21:12 IST" duration-ms="302" status="PASS">
          <reporter-output>
          </reporter-output>
        </test-method> <!-- tearDown -->
      </class> <!-- com.inetbanking.testCases.TC_LoginTest_001 -->
    </test> <!-- BankingApp Test -->
  </suite> <!-- InetBankingV1 -->
</testng-results>
