<?xml version="1.0" encoding="UTF-8"?>
<testsuite xmlns:xsi="http://www.w3.org/2001/XMLSchema-instance" xsi:noNamespaceSchemaLocation="https://maven.apache.org/surefire/maven-surefire-plugin/xsd/surefire-test-report-3.0.xsd" version="3.0" name="TestSuite" time="48.477" tests="1" errors="0" skipped="0" failures="0">
  <properties>
[...]
</properties>
  <testcase name="loginTest" classname="com.inetbanking.testCases.TC_LoginTest_001" time="1.943">
    <system-out><![CDATA[[DEBUG] 2023-12-07 18:20:31.615 [main] InternalLoggerFactory - Using Log4J2 as the default logging framework
[DEBUG] 2023-12-07 18:20:31.638 [main] ResourceLeakDetector - -Dio.netty.leakDetection.level: simple
[DEBUG] 2023-12-07 18:20:31.638 [main] ResourceLeakDetector - -Dio.netty.leakDetection.targetRecords: 4
[DEBUG] 2023-12-07 18:20:31.647 [main] ResourceLeakDetectorFactory - Loaded default ResourceLeakDetector: io.netty.util.ResourceLeakDetector@56380231
[DEBUG] 2023-12-07 18:20:31.699 [main] PlatformDependent0 - -Dio.netty.noUnsafe: false
[DEBUG] 2023-12-07 18:20:31.699 [main] PlatformDependent0 - Java version: 17
[DEBUG] 2023-12-07 18:20:31.701 [main] PlatformDependent0 - sun.misc.Unsafe.theUnsafe: available
[DEBUG] 2023-12-07 18:20:31.703 [main] PlatformDependent0 - sun.misc.Unsafe.copyMemory: available
[DEBUG] 2023-12-07 18:20:31.704 [main] PlatformDependent0 - sun.misc.Unsafe.storeFence: available
[DEBUG] 2023-12-07 18:20:31.706 [main] PlatformDependent0 - java.nio.Buffer.address: available
[DEBUG] 2023-12-07 18:20:31.707 [main] PlatformDependent0 - direct buffer constructor: unavailable: Reflective setAccessible(true) disabled
[DEBUG] 2023-12-07 18:20:31.709 [main] PlatformDependent0 - java.nio.Bits.unaligned: available, true
[DEBUG] 2023-12-07 18:20:31.712 [main] PlatformDependent0 - jdk.internal.misc.Unsafe.allocateUninitializedArray(int): unavailable: class io.netty.util.internal.PlatformDependent0$7 cannot access class jdk.internal.misc.Unsafe (in module java.base) because module java.base does not export jdk.internal.misc to unnamed module @5c909414
[DEBUG] 2023-12-07 18:20:31.716 [main] PlatformDependent0 - java.nio.DirectByteBuffer.<init>(long, {int,long}): unavailable
[DEBUG] 2023-12-07 18:20:31.716 [main] PlatformDependent - sun.misc.Unsafe: available
[DEBUG] 2023-12-07 18:20:31.717 [main] PlatformDependent - maxDirectMemory: 1967128576 bytes (maybe)
[DEBUG] 2023-12-07 18:20:31.718 [main] PlatformDependent - -Dio.netty.tmpdir: C:\Users\Nandani\AppData\Local\Temp (java.io.tmpdir)
[DEBUG] 2023-12-07 18:20:31.718 [main] PlatformDependent - -Dio.netty.bitMode: 64 (sun.arch.data.model)
[DEBUG] 2023-12-07 18:20:31.718 [main] PlatformDependent - Platform: Windows
[DEBUG] 2023-12-07 18:20:31.720 [main] PlatformDependent - -Dio.netty.maxDirectMemory: -1 bytes
[DEBUG] 2023-12-07 18:20:31.721 [main] PlatformDependent - -Dio.netty.uninitializedArrayAllocationThreshold: -1
[DEBUG] 2023-12-07 18:20:31.725 [main] CleanerJava9 - java.nio.ByteBuffer.cleaner(): available
[DEBUG] 2023-12-07 18:20:31.725 [main] PlatformDependent - -Dio.netty.noPreferDirect: false
[DEBUG] 2023-12-07 18:20:31.743 [main] PlatformDependent - org.jctools-core.MpscChunkedArrayQueue: available
[DEBUG] 2023-12-07 18:20:31.804 [main] InternalThreadLocalMap - -Dio.netty.threadLocalMap.stringBuilder.initialSize: 1024
[DEBUG] 2023-12-07 18:20:31.804 [main] InternalThreadLocalMap - -Dio.netty.threadLocalMap.stringBuilder.maxSize: 4096
[DEBUG] 2023-12-07 18:20:31.838 [main] JdkSslContext - Default protocols (JDK): [TLSv1.3, TLSv1.2] 
[DEBUG] 2023-12-07 18:20:31.839 [main] JdkSslContext - Default cipher suites (JDK): [TLS_ECDHE_ECDSA_WITH_AES_256_GCM_SHA384, TLS_ECDHE_ECDSA_WITH_AES_128_GCM_SHA256, TLS_ECDHE_RSA_WITH_AES_128_GCM_SHA256, TLS_ECDHE_RSA_WITH_AES_256_GCM_SHA384, TLS_ECDHE_RSA_WITH_AES_128_CBC_SHA, TLS_ECDHE_RSA_WITH_AES_256_CBC_SHA, TLS_RSA_WITH_AES_128_GCM_SHA256, TLS_RSA_WITH_AES_128_CBC_SHA, TLS_RSA_WITH_AES_256_CBC_SHA, TLS_AES_128_GCM_SHA256, TLS_AES_256_GCM_SHA384]
[DEBUG] 2023-12-07 18:20:31.874 [main] GlobalEventExecutor - -Dio.netty.globalEventExecutor.quietPeriodSeconds: 1
[DEBUG] 2023-12-07 18:20:31.913 [main] MultithreadEventLoopGroup - -Dio.netty.eventLoopThreads: 16
[DEBUG] 2023-12-07 18:20:31.939 [main] NioEventLoop - -Dio.netty.noKeySetOptimization: false
[DEBUG] 2023-12-07 18:20:31.939 [main] NioEventLoop - -Dio.netty.selectorAutoRebuildThreshold: 512
[DEBUG] 2023-12-07 18:20:32.073 [main] PooledByteBufAllocator - -Dio.netty.allocator.numHeapArenas: 16
[DEBUG] 2023-12-07 18:20:32.074 [main] PooledByteBufAllocator - -Dio.netty.allocator.numDirectArenas: 16
[DEBUG] 2023-12-07 18:20:32.074 [main] PooledByteBufAllocator - -Dio.netty.allocator.pageSize: 8192
[DEBUG] 2023-12-07 18:20:32.074 [main] PooledByteBufAllocator - -Dio.netty.allocator.maxOrder: 9
[DEBUG] 2023-12-07 18:20:32.074 [main] PooledByteBufAllocator - -Dio.netty.allocator.chunkSize: 4194304
[DEBUG] 2023-12-07 18:20:32.074 [main] PooledByteBufAllocator - -Dio.netty.allocator.smallCacheSize: 256
[DEBUG] 2023-12-07 18:20:32.074 [main] PooledByteBufAllocator - -Dio.netty.allocator.normalCacheSize: 64
[DEBUG] 2023-12-07 18:20:32.074 [main] PooledByteBufAllocator - -Dio.netty.allocator.maxCachedBufferCapacity: 32768
[DEBUG] 2023-12-07 18:20:32.074 [main] PooledByteBufAllocator - -Dio.netty.allocator.cacheTrimInterval: 8192
[DEBUG] 2023-12-07 18:20:32.075 [main] PooledByteBufAllocator - -Dio.netty.allocator.cacheTrimIntervalMillis: 0
[DEBUG] 2023-12-07 18:20:32.075 [main] PooledByteBufAllocator - -Dio.netty.allocator.useCacheForAllThreads: false
[DEBUG] 2023-12-07 18:20:32.075 [main] PooledByteBufAllocator - -Dio.netty.allocator.maxCachedByteBuffersPerChunk: 1023
[DEBUG] 2023-12-07 18:20:32.096 [main] ByteBufUtil - -Dio.netty.allocator.type: pooled
[DEBUG] 2023-12-07 18:20:32.097 [main] ByteBufUtil - -Dio.netty.threadLocalDirectBufferSize: 0
[DEBUG] 2023-12-07 18:20:32.097 [main] ByteBufUtil - -Dio.netty.maxThreadLocalCharBufferSize: 16384
[DEBUG] 2023-12-07 18:20:32.734 [Forwarding newSession on session null to remote] DefaultChannelId - -Dio.netty.processId: 31556 (auto-detected)
[DEBUG] 2023-12-07 18:20:32.740 [Forwarding newSession on session null to remote] NetUtil - -Djava.net.preferIPv4Stack: false
[DEBUG] 2023-12-07 18:20:32.740 [Forwarding newSession on session null to remote] NetUtil - -Djava.net.preferIPv6Addresses: false
[DEBUG] 2023-12-07 18:20:32.755 [Forwarding newSession on session null to remote] NetUtilInitializations - Loopback interface: lo (Software Loopback Interface 1, 127.0.0.1)
[DEBUG] 2023-12-07 18:20:32.758 [Forwarding newSession on session null to remote] NetUtil - Failed to get SOMAXCONN from sysctl and file \proc\sys\net\core\somaxconn. Default: 200
[DEBUG] 2023-12-07 18:20:32.791 [Forwarding newSession on session null to remote] DefaultChannelId - -Dio.netty.machineId: cc:5e:f8:ff:fe:36:6c:63 (auto-detected)
[DEBUG] 2023-12-07 18:20:32.908 [AsyncHttpClient-1-2] AbstractByteBuf - -Dio.netty.buffer.checkAccessible: true
[DEBUG] 2023-12-07 18:20:32.909 [AsyncHttpClient-1-2] AbstractByteBuf - -Dio.netty.buffer.checkBounds: true
[DEBUG] 2023-12-07 18:20:32.910 [AsyncHttpClient-1-2] ResourceLeakDetectorFactory - Loaded default ResourceLeakDetector: io.netty.util.ResourceLeakDetector@29a76e33
[DEBUG] 2023-12-07 18:20:32.982 [AsyncHttpClient-1-2] Recycler - -Dio.netty.recycler.maxCapacityPerThread: 4096
[DEBUG] 2023-12-07 18:20:32.982 [AsyncHttpClient-1-2] Recycler - -Dio.netty.recycler.ratio: 8
[DEBUG] 2023-12-07 18:20:32.982 [AsyncHttpClient-1-2] Recycler - -Dio.netty.recycler.chunkSize: 32
[DEBUG] 2023-12-07 18:20:32.982 [AsyncHttpClient-1-2] Recycler - -Dio.netty.recycler.blocking: false
[DEBUG] 2023-12-07 18:20:32.982 [AsyncHttpClient-1-2] Recycler - -Dio.netty.recycler.batchFastThreadLocalOnly: true
[DEBUG] 2023-12-07 18:20:34.126 [AsyncHttpClient-1-2] Brotli - brotli4j not in the classpath; Brotli support will be unavailable.
[DEBUG] 2023-12-07 18:20:34.371 [main] ThreadLocalRandom - -Dio.netty.initialSeedUniquifier: 0xc8d59eadf822936c
[INFO ] 2023-12-07 18:20:34.462 [main] ebanking - Chrome browser launch
[INFO ] 2023-12-07 18:21:10.288 [main] ebanking - URL is opened
[INFO ] 2023-12-07 18:21:10.525 [main] ebanking - Entered username
[INFO ] 2023-12-07 18:21:10.748 [main] ebanking - Entered password
[INFO ] 2023-12-07 18:21:12.222 [main] ebanking - Button clicked
[INFO ] 2023-12-07 18:21:12.240 [main] ebanking - Login test pass
]]></system-out>
    <system-err><![CDATA[SLF4J: Failed to load class "org.slf4j.impl.StaticLoggerBinder".
SLF4J: Defaulting to no-operation (NOP) logger implementation
SLF4J: See http://www.slf4j.org/codes.html#StaticLoggerBinder for further details.
Dec 07, 2023 6:20:34 PM org.openqa.selenium.devtools.CdpVersionFinder findNearestMatch
WARNING: Unable to find an exact match for CDP version 119, so returning the closest version found: 117
]]></system-err>
  </testcase>
</testsuite>